10/27/2002 6:21:34 PM HandleData. CadOri:NLOGINDOROTEA,202cb962ac59075b964b07152d234b70,0,0,0.9.5,Humano,Hombre,Clerigo,13,14,10,15,14,0,10,0,0,0,0,0,0,0,0,0,0,0,0,0,0,0,0,0,0,0,123@123.123,Ullathorpe,124~16903 Nom:UI:1
10/27/2002 6:22:20 PM HandleData. CadOri:NLOGINDOROTEA,202cb962ac59075b964b07152d234b70,0,0,0.9.5,,,,0,0,0,0,0,0,0,0,0,0,0,0,0,0,0,0,0,0,0,0,0,0,0,0,0,0,123@123.123,Ullathorpe,243~44010 Nom:UI:1
10/27/2002 6:26:25 PM HandleData. CadOri:OLOGINvfdBetaTester,629ce437151055c422302954f925b401,0.9.5,370~34096 Nom:UI:1
10/27/2002 6:26:31 PM HandleData. CadOri:OLOGINvfdBetaTester,629ce437151055c422302954f925b401,0.9.5,319~21120 Nom:UI:1
10/27/2002 6:28:04 PM HandleData. CadOri:OLOGINBetaTester,17e62166fc8586dfa4d1bc0e1742c08b,0.9.5,190~3573 Nom:UI:1
10/27/2002 6:28:10 PM HandleData. CadOri:OLOGINBetaTester,17e62166fc8586dfa4d1bc0e1742c08b,0.9.5,517~25132 Nom:UI:1
10/27/2002 6:29:08 PM HandleData. CadOri:OLOGINBetaTester,17e62166fc8586dfa4d1bc0e1742c08b,0.9.5,115~56774 Nom:UI:1
10/27/2002 6:29:09 PM HandleData. CadOri:OLOGINBetaTester,17e62166fc8586dfa4d1bc0e1742c08b,0.9.5,468~65322 Nom:UI:1
10/27/2002 6:29:10 PM HandleData. CadOri:OLOGINBetaTester,17e62166fc8586dfa4d1bc0e1742c08b,0.9.5,370~39525 Nom:UI:1
10/27/2002 6:29:10 PM HandleData. CadOri:OLOGINBetaTester,17e62166fc8586dfa4d1bc0e1742c08b,0.9.5,198~3330 Nom:UI:1
10/27/2002 6:29:10 PM HandleData. CadOri:OLOGINBetaTester,17e62166fc8586dfa4d1bc0e1742c08b,0.9.5,306~11000 Nom:UI:1
10/27/2002 6:29:11 PM HandleData. CadOri:OLOGINBetaTester,17e62166fc8586dfa4d1bc0e1742c08b,0.9.5,198~58706 Nom:UI:1
10/27/2002 6:29:11 PM HandleData. CadOri:OLOGINBetaTester,17e62166fc8586dfa4d1bc0e1742c08b,0.9.5,370~29918 Nom:UI:1
10/27/2002 6:29:11 PM HandleData. CadOri:OLOGINBetaTester,17e62166fc8586dfa4d1bc0e1742c08b,0.9.5,63~39572 Nom:UI:1
10/27/2002 6:29:12 PM HandleData. CadOri:OLOGINBetaTester,17e62166fc8586dfa4d1bc0e1742c08b,0.9.5,427~60502 Nom:UI:1
10/27/2002 6:29:13 PM HandleData. CadOri:OLOGINBetaTester,17e62166fc8586dfa4d1bc0e1742c08b,0.9.5,124~41015 Nom:UI:1
10/27/2002 6:29:13 PM HandleData. CadOri:OLOGINBetaTester,17e62166fc8586dfa4d1bc0e1742c08b,0.9.5,205~50341 Nom:UI:1
10/27/2002 6:29:13 PM HandleData. CadOri:OLOGINBetaTester,17e62166fc8586dfa4d1bc0e1742c08b,0.9.5,468~64980 Nom:UI:1
10/27/2002 6:29:13 PM HandleData. CadOri:OLOGINBetaTester,17e62166fc8586dfa4d1bc0e1742c08b,0.9.5,136~44362 Nom:UI:1
10/27/2002 6:29:14 PM HandleData. CadOri:OLOGINBetaTester,17e62166fc8586dfa4d1bc0e1742c08b,0.9.5,684~46381 Nom:UI:1
10/27/2002 6:29:14 PM HandleData. CadOri:OLOGINBetaTester,17e62166fc8586dfa4d1bc0e1742c08b,0.9.5,49~27864 Nom:UI:1
10/27/2002 6:29:14 PM HandleData. CadOri:OLOGINBetaTester,17e62166fc8586dfa4d1bc0e1742c08b,0.9.5,405~28397 Nom:UI:1
10/27/2002 6:29:14 PM HandleData. CadOri:OLOGINBetaTester,17e62166fc8586dfa4d1bc0e1742c08b,0.9.5,124~37974 Nom:UI:2
10/27/2002 6:29:14 PM HandleData. CadOri:OLOGINBetaTester,17e62166fc8586dfa4d1bc0e1742c08b,0.9.5,136~61904 Nom:UI:1
10/27/2002 6:29:14 PM HandleData. CadOri:OLOGINBetaTester,17e62166fc8586dfa4d1bc0e1742c08b,0.9.5,468~36428 Nom:UI:1
10/27/2002 6:29:15 PM HandleData. CadOri:OLOGINBetaTester,17e62166fc8586dfa4d1bc0e1742c08b,0.9.5,198~14367 Nom:UI:1
10/27/2002 6:29:15 PM HandleData. CadOri:OLOGINBetaTester,17e62166fc8586dfa4d1bc0e1742c08b,0.9.5,22~47804 Nom:UI:2
10/27/2002 6:29:15 PM HandleData. CadOri:OLOGINBetaTester,17e62166fc8586dfa4d1bc0e1742c08b,0.9.5,405~13901 Nom:UI:1
10/27/2002 6:29:15 PM HandleData. CadOri:OLOGINBetaTester,17e62166fc8586dfa4d1bc0e1742c08b,0.9.5,280~55767 Nom:UI:1
10/27/2002 6:29:15 PM HandleData. CadOri:OLOGINBetaTester,17e62166fc8586dfa4d1bc0e1742c08b,0.9.5,243~28776 Nom:UI:1
10/27/2002 6:29:15 PM HandleData. CadOri:OLOGINBetaTester,17e62166fc8586dfa4d1bc0e1742c08b,0.9.5,49~2222 Nom:UI:1
10/27/2002 6:29:16 PM HandleData. CadOri:OLOGINBetaTester,17e62166fc8586dfa4d1bc0e1742c08b,0.9.5,124~45525 Nom:UI:1
10/27/2002 6:29:28 PM HandleData. CadOri:OLOGINBetaTester,17e62166fc8586dfa4d1bc0e1742c08b,0.9.5,198~28425 Nom:UI:1
10/27/2002 6:29:29 PM HandleData. CadOri:OLOGINBetaTester,17e62166fc8586dfa4d1bc0e1742c08b,0.9.5,280~27377 Nom:UI:1
10/27/2002 6:29:29 PM HandleData. CadOri:OLOGINBetaTester,17e62166fc8586dfa4d1bc0e1742c08b,0.9.5,405~8435 Nom:UI:1
10/27/2002 6:30:14 PM HandleData. CadOri:OLOGINBetaTester,17e62166fc8586dfa4d1bc0e1742c08b,0.9.5,550~39418 Nom:UI:1
10/27/2002 6:30:15 PM HandleData. CadOri:OLOGINBetaTester,17e62166fc8586dfa4d1bc0e1742c08b,0.9.5,637~63929 Nom:UI:1
10/27/2002 6:30:17 PM HandleData. CadOri:OLOGINBetaTester,17e62166fc8586dfa4d1bc0e1742c08b,0.9.5,517~27477 Nom:UI:1
10/27/2002 6:30:18 PM HandleData. CadOri:OLOGINBetaTester,17e62166fc8586dfa4d1bc0e1742c08b,0.9.5,205~31700 Nom:UI:1
10/27/2002 6:30:19 PM HandleData. CadOri:OLOGINBetaTester,17e62166fc8586dfa4d1bc0e1742c08b,0.9.5,468~32368 Nom:UI:1
10/27/2002 6:30:19 PM HandleData. CadOri:OLOGINBetaTester,17e62166fc8586dfa4d1bc0e1742c08b,0.9.5,63~54216 Nom:UI:1
10/27/2002 6:30:20 PM HandleData. CadOri:OLOGINBetaTester,17e62166fc8586dfa4d1bc0e1742c08b,0.9.5,175~14652 Nom:UI:2
10/27/2002 6:30:20 PM HandleData. CadOri:OLOGINBetaTester,17e62166fc8586dfa4d1bc0e1742c08b,0.9.5,205~38551 Nom:UI:1
10/27/2002 6:30:21 PM HandleData. CadOri:OLOGINBetaTester,17e62166fc8586dfa4d1bc0e1742c08b,0.9.5,370~11894 Nom:UI:1
10/27/2002 6:30:21 PM HandleData. CadOri:OLOGINBetaTester,17e62166fc8586dfa4d1bc0e1742c08b,0.9.5,198~34223 Nom:UI:1
10/27/2002 6:30:22 PM HandleData. CadOri:OLOGINBetaTester,17e62166fc8586dfa4d1bc0e1742c08b,0.9.5,319~43504 Nom:UI:1
10/27/2002 6:30:23 PM HandleData. CadOri:OLOGINBetaTester,17e62166fc8586dfa4d1bc0e1742c08b,0.9.5,319~39322 Nom:UI:1
10/27/2002 6:30:23 PM HandleData. CadOri:OLOGINBetaTester,17e62166fc8586dfa4d1bc0e1742c08b,0.9.5,319~6843 Nom:UI:1
10/27/2002 6:30:24 PM HandleData. CadOri:OLOGINBetaTester,17e62166fc8586dfa4d1bc0e1742c08b,0.9.5,280~44448 Nom:UI:1
10/27/2002 6:30:24 PM HandleData. CadOri:OLOGINBetaTester,17e62166fc8586dfa4d1bc0e1742c08b,0.9.5,175~6353 Nom:UI:1
10/27/2002 6:30:25 PM HandleData. CadOri:OLOGINBetaTester,17e62166fc8586dfa4d1bc0e1742c08b,0.9.5,175~47697 Nom:UI:1
10/27/2002 6:30:25 PM HandleData. CadOri:OLOGINBetaTester,17e62166fc8586dfa4d1bc0e1742c08b,0.9.5,124~33963 Nom:UI:1
10/27/2002 6:30:26 PM HandleData. CadOri:OLOGINBetaTester,17e62166fc8586dfa4d1bc0e1742c08b,0.9.5,63~52120 Nom:UI:1
10/27/2002 6:30:26 PM HandleData. CadOri:OLOGINBetaTester,17e62166fc8586dfa4d1bc0e1742c08b,0.9.5,370~53056 Nom:UI:1
10/27/2002 6:30:31 PM HandleData. CadOri:OLOGINBetaTester,17e62166fc8586dfa4d1bc0e1742c08b,0.9.5,468~29664 Nom:UI:1
10/27/2002 6:30:36 PM HandleData. CadOri:OLOGINBetaTester,17e62166fc8586dfa4d1bc0e1742c08b,0.9.5,115~17421 Nom:UI:1
10/27/2002 6:39:58 PM HandleData. CadOri:OLOGINgfdgf,3d4044d65abdda407a92991f1300ec97,0.9.5,468~157 Nom:UI:1
10/27/2002 6:42:06 PM HandleData. CadOri:OLOGINgfdgf,3d4044d65abdda407a92991f1300ec97,0.9.5,190~59669 Nom:UI:1
28/10/02 07:03:15 a.m. Error en DotileEvents
28/10/02 07:03:16 a.m. Error en DotileEvents
28/10/02 07:03:16 a.m. Error en DotileEvents
28/10/02 07:03:16 a.m. Error en DotileEvents
28/10/02 07:03:16 a.m. Error en DotileEvents
28/10/02 07:03:17 a.m. Error en DotileEvents
28/10/02 07:03:17 a.m. Error en DotileEvents
28/10/02 07:03:17 a.m. Error en DotileEvents
28/10/02 07:03:17 a.m. Error en DotileEvents
28/10/02 07:03:17 a.m. Error en DotileEvents
28/10/02 07:03:17 a.m. Error en DotileEvents
28/10/02 07:03:18 a.m. Error en DotileEvents
28/10/02 07:03:18 a.m. Error en DotileEvents
28/10/02 07:03:19 a.m. Error en DotileEvents
28/10/02 07:03:19 a.m. Error en DotileEvents
28/10/02 07:03:21 a.m. Error en DotileEvents
28/10/02 07:03:22 a.m. Error en DotileEvents
28/10/02 07:03:22 a.m. Error en DotileEvents
28/10/02 07:03:22 a.m. Error en DotileEvents
28/10/02 07:03:22 a.m. Error en DotileEvents
28/10/02 07:03:22 a.m. Error en DotileEvents
28/10/02 07:03:23 a.m. Error en DotileEvents
28/10/02 07:03:23 a.m. Error en DotileEvents
28/10/02 07:03:23 a.m. Error en DotileEvents
28/10/02 07:03:23 a.m. Error en DotileEvents
28/10/02 07:03:23 a.m. Error en DotileEvents
28/10/02 07:03:24 a.m. Error en DotileEvents
28/10/02 07:03:24 a.m. Error en DotileEvents
28/10/02 07:03:24 a.m. Error en DotileEvents
28/10/02 07:03:31 a.m. Error en DotileEvents
28/10/02 07:03:31 a.m. Error en DotileEvents
28/10/02 07:03:31 a.m. Error en DotileEvents
28/10/02 07:03:31 a.m. Error en DotileEvents
28/10/02 07:03:32 a.m. Error en DotileEvents
28/10/02 07:03:32 a.m. Error en DotileEvents
28/10/02 07:03:32 a.m. Error en DotileEvents
28/10/02 07:03:34 a.m. Error en DotileEvents
28/10/02 07:03:34 a.m. Error en DotileEvents
28/10/02 07:03:34 a.m. Error en DotileEvents
28/10/02 07:03:34 a.m. Error en DotileEvents
28/10/02 07:03:35 a.m. Error en DotileEvents
28/10/02 07:03:35 a.m. Error en DotileEvents
28/10/02 07:03:35 a.m. Error en DotileEvents
28/10/02 07:03:35 a.m. Error en DotileEvents
28/10/02 07:03:35 a.m. Error en DotileEvents
28/10/02 07:03:36 a.m. Error en DotileEvents
28/10/02 07:03:36 a.m. Error en DotileEvents
28/10/02 07:03:37 a.m. Error en DotileEvents
28/10/02 07:03:37 a.m. Error en DotileEvents
28/10/02 07:03:37 a.m. Error en DotileEvents
11/3/2002 7:38:38 PM Error en DotileEvents
11/3/2002 8:02:16 PM Error en tPiqueteC_Timer
11/3/2002 8:02:16 PM Error en DotileEvents
11/4/2002 11:04:48 PM Error en DotileEvents
11/4/2002 11:04:48 PM Error en DotileEvents
11/4/2002 11:04:49 PM Error en DotileEvents
11/4/2002 11:04:50 PM Error en DotileEvents
11/4/2002 11:04:50 PM Error en DotileEvents
11/4/2002 11:04:51 PM Error en DotileEvents
11/4/2002 11:04:51 PM Error en DotileEvents
11/4/2002 11:04:52 PM Error en DotileEvents
11/4/2002 11:04:52 PM Error en DotileEvents
11/4/2002 11:04:53 PM Error en DotileEvents
11/4/2002 11:04:53 PM Error en DotileEvents
11/4/2002 11:04:54 PM Error en DotileEvents
11/4/2002 11:04:54 PM Error en DotileEvents
11/4/2002 11:04:55 PM Error en DotileEvents
11/4/2002 11:04:55 PM Error en DotileEvents
11/4/2002 11:04:56 PM Error en DotileEvents
11/4/2002 11:04:57 PM Error en DotileEvents
11/4/2002 11:04:57 PM Error en DotileEvents
11/4/2002 11:04:58 PM Error en DotileEvents
11/4/2002 11:05:03 PM Error en DotileEvents
11/4/2002 11:05:04 PM Error en DotileEvents
11/4/2002 11:05:04 PM Error en DotileEvents
11/4/2002 11:05:05 PM Error en DotileEvents
11/4/2002 11:05:20 PM Error en DotileEvents
11/4/2002 11:05:20 PM Error en DotileEvents
11/4/2002 11:05:21 PM Error en DotileEvents
11/4/2002 11:05:22 PM Error en DotileEvents
11/4/2002 11:05:23 PM Error en DotileEvents
11/4/2002 11:05:23 PM Error en DotileEvents
11/4/2002 11:05:24 PM Error en DotileEvents
11/4/2002 11:05:24 PM Error en DotileEvents
11/4/2002 11:05:25 PM Error en DotileEvents
11/4/2002 11:05:25 PM Error en DotileEvents
11/4/2002 11:05:26 PM Error en DotileEvents
11/4/2002 11:05:26 PM Error en DotileEvents
11/4/2002 11:05:27 PM Error en DotileEvents
11/4/2002 11:05:27 PM Error en DotileEvents
11/4/2002 11:05:28 PM Error en DotileEvents
11/4/2002 11:05:29 PM Error en DotileEvents
11/4/2002 11:05:29 PM Error en DotileEvents
11/4/2002 11:05:30 PM Error en DotileEvents
11/4/2002 11:05:30 PM Error en DotileEvents
11/4/2002 11:05:31 PM Error en DotileEvents
11/4/2002 11:05:31 PM Error en DotileEvents
11/4/2002 11:05:32 PM Error en DotileEvents
11/4/2002 11:05:33 PM Error en DotileEvents
11/4/2002 11:05:33 PM Error en DotileEvents
11/4/2002 11:05:34 PM Error en DotileEvents
11/4/2002 11:05:34 PM Error en DotileEvents
11/4/2002 11:05:35 PM Error en DotileEvents
11/4/2002 11:05:35 PM Error en DotileEvents
11/4/2002 11:05:36 PM Error en DotileEvents
11/4/2002 11:05:36 PM Error en DotileEvents
11/4/2002 11:05:37 PM Error en DotileEvents
11/4/2002 11:05:38 PM Error en DotileEvents
11/4/2002 11:05:38 PM Error en DotileEvents
11/4/2002 11:05:39 PM Error en DotileEvents
11/4/2002 11:06:25 PM Error en DotileEvents
11/4/2002 11:06:26 PM Error en DotileEvents
11/4/2002 11:06:26 PM Error en DotileEvents
11/4/2002 11:06:27 PM Error en DotileEvents
11/4/2002 11:06:27 PM Error en DotileEvents
11/4/2002 11:06:28 PM Error en DotileEvents
11/4/2002 11:06:29 PM Error en DotileEvents
11/4/2002 11:06:29 PM Error en DotileEvents
11/4/2002 11:06:30 PM Error en DotileEvents
11/4/2002 11:06:30 PM Error en DotileEvents
11/4/2002 11:06:31 PM Error en DotileEvents
11/4/2002 11:06:31 PM Error en DotileEvents
11/4/2002 11:06:32 PM Error en DotileEvents
11/4/2002 11:06:32 PM Error en DotileEvents
11/4/2002 11:06:33 PM Error en DotileEvents
11/4/2002 11:06:33 PM Error en DotileEvents
11/4/2002 11:06:34 PM Error en DotileEvents
11/4/2002 11:06:34 PM Error en DotileEvents
11/4/2002 11:06:35 PM Error en DotileEvents
11/4/2002 11:06:36 PM Error en DotileEvents
11/4/2002 11:06:36 PM Error en DotileEvents
11/4/2002 11:06:37 PM Error en DotileEvents
11/4/2002 11:06:37 PM Error en DotileEvents
11/4/2002 11:06:38 PM Error en DotileEvents
11/5/2002 11:45:51 AM Error en DotileEvents
11/5/2002 11:45:52 AM Error en DotileEvents
11/5/2002 11:45:52 AM Error en DotileEvents
11/5/2002 11:45:53 AM Error en DotileEvents
11/5/2002 11:45:53 AM Error en DotileEvents
11/5/2002 11:45:54 AM Error en DotileEvents
11/5/2002 11:45:54 AM Error en DotileEvents
11/5/2002 11:45:55 AM Error en DotileEvents
11/5/2002 11:45:55 AM Error en DotileEvents
11/5/2002 11:45:56 AM Error en DotileEvents
11/5/2002 11:45:56 AM Error en DotileEvents
11/5/2002 11:45:57 AM Error en DotileEvents
11/5/2002 11:45:58 AM Error en DotileEvents
11/5/2002 11:45:58 AM Error en DotileEvents
11/5/2002 11:45:59 AM Error en DotileEvents
11/5/2002 11:45:59 AM Error en DotileEvents
11/5/2002 11:46:00 AM Error en DotileEvents
11/5/2002 11:46:00 AM Error en DotileEvents
11/5/2002 11:46:01 AM Error en DotileEvents
11/5/2002 11:46:01 AM Error en DotileEvents
11/5/2002 11:46:02 AM Error en DotileEvents
11/5/2002 11:46:02 AM Error en DotileEvents
11/5/2002 11:46:03 AM Error en DotileEvents
11/5/2002 11:46:03 AM Error en DotileEvents
11/5/2002 11:46:04 AM Error en DotileEvents
11/5/2002 11:46:05 AM Error en DotileEvents
11/5/2002 11:46:05 AM Error en DotileEvents
11/5/2002 11:46:06 AM Error en DotileEvents
11/5/2002 11:46:06 AM Error en DotileEvents
11/5/2002 11:46:07 AM Error en DotileEvents
11/5/2002 11:46:07 AM Error en DotileEvents
11/5/2002 11:46:08 AM Error en DotileEvents
11/5/2002 11:46:08 AM Error en DotileEvents
11/5/2002 12:20:37 PM Error en DotileEvents
11/5/2002 12:20:38 PM Error en DotileEvents
11/5/2002 12:20:38 PM Error en DotileEvents
11/5/2002 12:20:39 PM Error en DotileEvents
11/5/2002 12:20:39 PM Error en DotileEvents
11/5/2002 12:20:40 PM Error en DotileEvents
11/5/2002 12:20:40 PM Error en DotileEvents
11/5/2002 12:20:41 PM Error en DotileEvents
11/5/2002 12:20:42 PM Error en DotileEvents
11/5/2002 12:20:42 PM Error en DotileEvents
11/5/2002 12:20:43 PM Error en DotileEvents
11/5/2002 12:20:43 PM Error en DotileEvents
11/5/2002 12:20:44 PM Error en DotileEvents
11/5/2002 12:20:44 PM Error en DotileEvents
11/5/2002 12:20:45 PM Error en DotileEvents
11/5/2002 12:20:45 PM Error en DotileEvents
11/5/2002 12:20:46 PM Error en DotileEvents
11/5/2002 12:20:46 PM Error en DotileEvents
11/5/2002 12:20:47 PM Error en DotileEvents
11/5/2002 12:20:48 PM Error en DotileEvents
11/5/2002 12:20:48 PM Error en DotileEvents
11/5/2002 12:20:49 PM Error en DotileEvents
11/5/2002 12:20:49 PM Error en DotileEvents
11/5/2002 12:20:50 PM Error en DotileEvents
11/5/2002 12:20:50 PM Error en DotileEvents
11/5/2002 12:20:51 PM Error en DotileEvents
11/5/2002 12:20:51 PM Error en DotileEvents
11/5/2002 12:20:52 PM Error en DotileEvents
11/5/2002 12:20:52 PM Error en DotileEvents
11/5/2002 12:20:53 PM Error en DotileEvents
11/5/2002 12:20:53 PM Error en DotileEvents
11/5/2002 12:20:54 PM Error en DotileEvents
11/5/2002 12:20:55 PM Error en DotileEvents
11/5/2002 12:20:55 PM Error en DotileEvents
11/5/2002 12:20:56 PM Error en DotileEvents
11/5/2002 12:20:56 PM Error en DotileEvents
11/5/2002 12:20:57 PM Error en DotileEvents
11/5/2002 12:20:57 PM Error en DotileEvents
11/5/2002 12:20:58 PM Error en DotileEvents
11/5/2002 12:20:58 PM Error en DotileEvents
11/5/2002 12:20:59 PM Error en DotileEvents
11/5/2002 12:20:59 PM Error en DotileEvents
11/5/2002 12:21:00 PM Error en DotileEvents
11/5/2002 12:21:00 PM Error en DotileEvents
11/5/2002 12:21:01 PM Error en DotileEvents
11/5/2002 12:21:02 PM Error en DotileEvents
11/5/2002 12:21:02 PM Error en DotileEvents
11/5/2002 12:21:03 PM Error en DotileEvents
11/5/2002 12:21:03 PM Error en DotileEvents
11/5/2002 12:21:04 PM Error en DotileEvents
11/5/2002 12:21:04 PM Error en DotileEvents
11/5/2002 12:21:05 PM Error en DotileEvents
11/5/2002 12:21:05 PM Error en DotileEvents
11/5/2002 12:21:06 PM Error en DotileEvents
11/5/2002 12:21:06 PM Error en DotileEvents
11/5/2002 12:21:07 PM Error en DotileEvents
11/5/2002 12:21:08 PM Error en DotileEvents
11/5/2002 12:21:08 PM Error en DotileEvents
11/5/2002 12:21:09 PM Error en DotileEvents
11/5/2002 12:21:09 PM Error en DotileEvents
11/5/2002 12:21:10 PM Error en DotileEvents
11/5/2002 12:21:10 PM Error en DotileEvents
11/5/2002 12:21:11 PM Error en DotileEvents
11/5/2002 12:21:11 PM Error en DotileEvents
11/5/2002 12:21:12 PM Error en DotileEvents
11/5/2002 12:21:12 PM Error en DotileEvents
11/5/2002 12:21:13 PM Error en DotileEvents
11/5/2002 12:21:13 PM Error en DotileEvents
11/5/2002 12:21:14 PM Error en DotileEvents
11/5/2002 12:21:15 PM Error en DotileEvents
11/5/2002 12:21:15 PM Error en DotileEvents
11/5/2002 12:21:16 PM Error en DotileEvents
11/5/2002 12:21:16 PM Error en DotileEvents
11/5/2002 12:21:17 PM Error en DotileEvents
11/5/2002 12:21:17 PM Error en DotileEvents
11/5/2002 12:21:18 PM Error en DotileEvents
11/5/2002 12:21:18 PM Error en DotileEvents
11/5/2002 12:21:19 PM Error en DotileEvents
11/5/2002 12:21:19 PM Error en DotileEvents
11/5/2002 12:21:20 PM Error en DotileEvents
11/5/2002 12:21:21 PM Error en DotileEvents
11/5/2002 12:21:21 PM Error en DotileEvents
11/5/2002 12:21:22 PM Error en DotileEvents
11/5/2002 12:21:22 PM Error en DotileEvents
11/5/2002 12:21:23 PM Error en DotileEvents
11/5/2002 12:21:23 PM Error en DotileEvents
11/5/2002 12:21:24 PM Error en DotileEvents
11/5/2002 12:21:24 PM Error en DotileEvents
11/5/2002 12:21:25 PM Error en DotileEvents
11/5/2002 12:21:25 PM Error en DotileEvents
11/5/2002 12:21:26 PM Error en DotileEvents
11/5/2002 12:21:27 PM Error en DotileEvents
11/5/2002 12:21:27 PM Error en DotileEvents
11/5/2002 12:21:28 PM Error en DotileEvents
11/5/2002 12:21:28 PM Error en DotileEvents
11/5/2002 12:21:29 PM Error en DotileEvents
11/5/2002 12:21:29 PM Error en DotileEvents
11/5/2002 12:21:30 PM Error en DotileEvents
11/5/2002 12:21:30 PM Error en DotileEvents
11/5/2002 12:21:31 PM Error en DotileEvents
11/5/2002 12:21:31 PM Error en DotileEvents
11/5/2002 12:21:32 PM Error en DotileEvents
11/5/2002 12:21:33 PM Error en DotileEvents
11/5/2002 12:21:33 PM Error en DotileEvents
11/5/2002 12:21:34 PM Error en DotileEvents
11/5/2002 12:21:34 PM Error en DotileEvents
11/5/2002 12:21:35 PM Error en DotileEvents
11/5/2002 12:21:35 PM Error en DotileEvents
11/5/2002 12:21:36 PM Error en DotileEvents
11/5/2002 12:21:36 PM Error en DotileEvents
11/5/2002 12:21:37 PM Error en DotileEvents
11/5/2002 12:21:37 PM Error en DotileEvents
11/5/2002 12:21:38 PM Error en DotileEvents
11/5/2002 12:21:39 PM Error en DotileEvents
11/5/2002 12:21:39 PM Error en DotileEvents
11/5/2002 12:21:40 PM Error en DotileEvents
11/5/2002 12:21:40 PM Error en DotileEvents
11/5/2002 12:21:41 PM Error en DotileEvents
11/5/2002 12:21:41 PM Error en DotileEvents
11/5/2002 12:21:42 PM Error en DotileEvents
11/5/2002 12:21:42 PM Error en DotileEvents
11/5/2002 12:21:43 PM Error en DotileEvents
11/5/2002 12:21:43 PM Error en DotileEvents
11/5/2002 12:21:44 PM Error en DotileEvents
11/5/2002 12:21:44 PM Error en DotileEvents
11/5/2002 12:21:45 PM Error en DotileEvents
11/5/2002 12:21:46 PM Error en DotileEvents
11/5/2002 12:21:46 PM Error en DotileEvents
11/5/2002 12:21:47 PM Error en DotileEvents
11/5/2002 12:21:47 PM Error en DotileEvents
11/5/2002 12:21:48 PM Error en DotileEvents
11/5/2002 12:21:48 PM Error en DotileEvents
11/5/2002 12:21:49 PM Error en DotileEvents
11/5/2002 12:21:49 PM Error en DotileEvents
11/5/2002 12:21:50 PM Error en DotileEvents
11/5/2002 12:21:50 PM Error en DotileEvents
11/5/2002 12:21:51 PM Error en DotileEvents
11/5/2002 12:21:52 PM Error en DotileEvents
11/5/2002 12:21:52 PM Error en DotileEvents
11/5/2002 12:21:53 PM Error en DotileEvents
11/5/2002 12:21:53 PM Error en DotileEvents
11/5/2002 12:21:54 PM Error en DotileEvents
11/5/2002 12:21:54 PM Error en DotileEvents
11/5/2002 12:21:55 PM Error en DotileEvents
11/5/2002 12:21:55 PM Error en DotileEvents
11/5/2002 12:21:56 PM Error en DotileEvents
11/5/2002 12:21:56 PM Error en DotileEvents
11/5/2002 12:21:57 PM Error en DotileEvents
11/5/2002 12:21:58 PM Error en DotileEvents
11/5/2002 12:21:58 PM Error en DotileEvents
11/5/2002 12:21:59 PM Error en DotileEvents
11/5/2002 12:21:59 PM Error en DotileEvents
11/5/2002 12:22:00 PM Error en DotileEvents
11/5/2002 12:22:00 PM Error en DotileEvents
11/5/2002 12:22:01 PM Error en DotileEvents
11/5/2002 12:22:01 PM Error en DotileEvents
11/5/2002 1:19:11 PM Error en DotileEvents
11/5/2002 1:19:12 PM Error en DotileEvents
11/5/2002 1:19:13 PM Error en DotileEvents
11/5/2002 1:19:13 PM Error en DotileEvents
11/5/2002 1:19:14 PM Error en DotileEvents
11/5/2002 1:19:20 PM Error en DotileEvents
11/5/2002 1:19:21 PM Error en DotileEvents
11/5/2002 1:19:21 PM Error en DotileEvents
11/5/2002 1:19:22 PM Error en DotileEvents
11/5/2002 1:19:22 PM Error en DotileEvents
11/5/2002 1:19:23 PM Error en DotileEvents
11/5/2002 1:19:23 PM Error en DotileEvents
11/5/2002 1:19:24 PM Error en DotileEvents
11/5/2002 1:19:24 PM Error en DotileEvents
11/5/2002 1:19:25 PM Error en DotileEvents
11/5/2002 1:19:26 PM Error en DotileEvents
11/5/2002 1:19:26 PM Error en DotileEvents
11/5/2002 1:19:27 PM Error en DotileEvents
11/5/2002 1:19:27 PM Error en DotileEvents
11/5/2002 1:19:28 PM Error en DotileEvents
11/5/2002 1:19:28 PM Error en DotileEvents
11/5/2002 1:19:29 PM Error en DotileEvents
11/5/2002 1:19:29 PM Error en DotileEvents
11/5/2002 1:19:30 PM Error en DotileEvents
11/5/2002 1:19:30 PM Error en DotileEvents
11/5/2002 1:19:31 PM Error en DotileEvents
11/5/2002 1:19:32 PM Error en DotileEvents
11/5/2002 1:19:32 PM Error en DotileEvents
11/5/2002 1:19:33 PM Error en DotileEvents
11/5/2002 1:19:33 PM Error en DotileEvents
11/5/2002 1:19:34 PM Error en DotileEvents
11/5/2002 1:19:36 PM Error en DotileEvents
11/5/2002 1:19:36 PM Error en DotileEvents
11/5/2002 1:19:37 PM Error en DotileEvents
11/5/2002 1:19:38 PM Error en DotileEvents
11/5/2002 1:19:38 PM Error en DotileEvents
11/5/2002 1:19:39 PM Error en DotileEvents
11/5/2002 1:19:39 PM Error en DotileEvents
11/5/2002 1:19:40 PM Error en DotileEvents
11/5/2002 1:19:40 PM Error en DotileEvents
11/5/2002 1:19:41 PM Error en DotileEvents
11/5/2002 1:19:41 PM Error en DotileEvents
11/5/2002 1:19:42 PM Error en DotileEvents
11/5/2002 1:19:42 PM Error en DotileEvents
11/5/2002 1:19:43 PM Error en DotileEvents
11/5/2002 1:19:44 PM Error en DotileEvents
11/5/2002 1:19:44 PM Error en DotileEvents
11/5/2002 1:19:45 PM Error en DotileEvents
11/5/2002 1:19:45 PM Error en DotileEvents
11/5/2002 1:19:46 PM Error en DotileEvents
11/5/2002 1:19:46 PM Error en DotileEvents
11/5/2002 1:19:47 PM Error en DotileEvents
11/5/2002 1:19:47 PM Error en DotileEvents
11/5/2002 1:20:56 PM Error en DotileEvents
11/5/2002 1:20:56 PM Error en DotileEvents
11/5/2002 1:20:57 PM Error en DotileEvents
11/5/2002 1:20:57 PM Error en DotileEvents
11/5/2002 1:20:58 PM Error en DotileEvents
11/5/2002 1:20:58 PM Error en DotileEvents
11/5/2002 1:20:59 PM Error en DotileEvents
11/5/2002 1:21:00 PM Error en DotileEvents
11/5/2002 1:21:00 PM Error en DotileEvents
11/5/2002 1:21:01 PM Error en DotileEvents
11/5/2002 1:21:01 PM Error en DotileEvents
11/5/2002 1:21:02 PM Error en DotileEvents
11/5/2002 1:21:02 PM Error en DotileEvents
11/5/2002 1:21:03 PM Error en DotileEvents
11/5/2002 1:21:03 PM Error en DotileEvents
11/5/2002 1:21:04 PM Error en DotileEvents
11/5/2002 1:21:04 PM Error en DotileEvents
11/5/2002 1:21:05 PM Error en DotileEvents
11/5/2002 1:21:06 PM Error en DotileEvents
11/5/2002 1:21:06 PM Error en DotileEvents
11/5/2002 1:21:07 PM Error en DotileEvents
11/5/2002 1:21:07 PM Error en DotileEvents
11/5/2002 1:21:08 PM Error en DotileEvents
11/5/2002 1:21:08 PM Error en DotileEvents
11/5/2002 1:21:09 PM Error en DotileEvents
11/5/2002 1:21:09 PM Error en DotileEvents
11/5/2002 1:21:10 PM Error en DotileEvents
11/5/2002 1:21:10 PM Error en DotileEvents
11/5/2002 1:21:11 PM Error en DotileEvents
11/5/2002 1:21:12 PM Error en DotileEvents
11/5/2002 1:21:12 PM Error en DotileEvents
11/5/2002 1:21:13 PM Error en DotileEvents
11/5/2002 1:21:13 PM Error en DotileEvents
11/5/2002 1:21:14 PM Error en DotileEvents
11/5/2002 1:21:14 PM Error en DotileEvents
11/5/2002 1:21:15 PM Error en DotileEvents
11/5/2002 1:21:15 PM Error en DotileEvents
11/5/2002 1:21:16 PM Error en DotileEvents
11/5/2002 1:21:16 PM Error en DotileEvents
11/5/2002 1:21:17 PM Error en DotileEvents
11/5/2002 1:21:18 PM Error en DotileEvents
11/5/2002 1:21:18 PM Error en DotileEvents
11/5/2002 1:21:19 PM Error en DotileEvents
11/5/2002 1:21:19 PM Error en DotileEvents
11/5/2002 1:21:20 PM Error en DotileEvents
11/5/2002 1:21:20 PM Error en DotileEvents
11/5/2002 1:21:21 PM Error en DotileEvents
11/5/2002 1:26:01 PM Error en DotileEvents
11/5/2002 1:26:01 PM Error en DotileEvents
11/5/2002 1:26:02 PM Error en DotileEvents
11/5/2002 1:26:02 PM Error en DotileEvents
11/5/2002 1:26:03 PM Error en DotileEvents
11/5/2002 1:26:03 PM Error en DotileEvents
11/5/2002 1:26:04 PM Error en DotileEvents
11/5/2002 1:26:05 PM Error en DotileEvents
11/5/2002 1:26:05 PM Error en DotileEvents
11/5/2002 1:26:06 PM Error en DotileEvents
11/5/2002 1:26:07 PM Error en DotileEvents
11/5/2002 1:26:08 PM Error en DotileEvents
11/5/2002 1:26:08 PM Error en DotileEvents
11/5/2002 1:26:09 PM Error en DotileEvents
11/5/2002 1:26:09 PM Error en DotileEvents
11/5/2002 1:26:10 PM Error en DotileEvents
11/5/2002 1:26:10 PM Error en DotileEvents
11/5/2002 1:26:11 PM Error en DotileEvents
11/5/2002 1:26:11 PM Error en DotileEvents
11/5/2002 1:26:12 PM Error en DotileEvents
11/5/2002 1:26:12 PM Error en DotileEvents
11/5/2002 1:26:13 PM Error en DotileEvents
11/5/2002 1:26:14 PM Error en DotileEvents
11/5/2002 1:26:15 PM Error en DotileEvents
11/5/2002 1:26:15 PM Error en DotileEvents
11/5/2002 1:26:16 PM Error en DotileEvents
11/27/2002 1:15:24 PM HandleData. CadOri:OLOGINPorkos,202cb962ac59075b964b07152d234b70,0.9.5,301~31611 Nom:UI:1
11/27/2002 1:15:28 PM HandleData. CadOri:OLOGINPorkos,202cb962ac59075b964b07152d234b70,0.9.5,280~43865 Nom:UI:1
11/27/2002 1:16:39 PM HandleData. CadOri:OLOGINPorkos,202cb962ac59075b964b07152d234b70,0.9.5,124~56827 Nom:UI:1
11/27/2002 1:27:35 PM HandleData. CadOri:OLOGINporkos,202cb962ac59075b964b07152d234b70,0.9.5,243~8410 Nom:UI:1
11/27/2002 5:15:57 PM HandleData. CadOri:OLOGINporkos,202cb962ac59075b964b07152d234b70,0.9.5,198~8050 Nom:UI:1
11/27/2002 5:16:55 PM HandleData. CadOri:OLOGINporkos,202cb962ac59075b964b07152d234b70,0.9.5,319~32329 Nom:UI:1
12/1/2002 3:46:21 PM 12/1/2002 Can't find DLL entry point ReadFieldASM in aokernel.dll 1000453 D:\WINNT\Help\VBENLR98.CHM Servidor
