10/27/2002 5:59:04 PM server iniciado 0.9.123
10/27/2002 6:20:46 PM server iniciado 0.9.123
10/27/2002 6:24:40 PM server iniciado 0.9.123
10/27/2002 6:27:33 PM server iniciado 0.9.123
10/27/2002 6:29:05 PM server iniciado 0.9.123
10/27/2002 6:35:07 PM server cerrado.
10/27/2002 6:35:13 PM server iniciado 0.9.123
10/27/2002 6:35:44 PM server iniciado 0.9.123
10/27/2002 6:39:27 PM server iniciado 0.9.123
10/27/2002 6:41:48 PM server iniciado 0.9.123
10/27/2002 6:42:28 PM server iniciado 0.9.123
10/27/2002 6:44:21 PM server iniciado 0.9.123
10/27/2002 6:51:52 PM server iniciado 0.9.123
10/27/2002 6:52:43 PM server iniciado 0.9.123
10/27/2002 8:23:03 PM server iniciado 0.9.123
10/27/2002 8:32:16 PM server iniciado 0.9.123
28/10/02 05:17:42 a.m. server iniciado 0.9.123
28/10/02 05:24:43 a.m. server iniciado 0.9.123
28/10/02 05:34:41 a.m. server iniciado 0.9.123
28/10/02 05:42:21 a.m. server cerrado.
28/10/02 05:51:18 a.m. server iniciado 0.9.123
28/10/02 05:57:23 a.m. server cerrado.
28/10/02 05:59:22 a.m. server iniciado 0.9.123
28/10/02 06:02:45 a.m. server iniciado 0.9.123
28/10/02 06:02:54 a.m. server cerrado.
28/10/02 06:02:58 a.m. server cerrado.
28/10/02 06:03:26 a.m. server iniciado 0.9.123
28/10/02 06:12:44 a.m. server iniciado 0.9.123
28/10/02 06:37:55 a.m. server cerrado.
28/10/02 06:53:49 a.m. server iniciado 0.9.123
28/10/02 06:58:24 a.m. server cerrado.
28/10/02 07:00:25 a.m. server iniciado 0.9.123
10/28/2002 7:06:51 PM server iniciado 0.9.123
10/28/2002 7:23:01 PM server iniciado 0.9.123
10/28/2002 7:40:40 PM server iniciado 0.9.123
10/28/2002 7:53:35 PM server iniciado 0.9.123
10/28/2002 8:10:10 PM server iniciado 0.9.123
10/28/2002 8:51:31 PM server iniciado 0.9.123
10/28/2002 8:55:52 PM server iniciado 0.9.123
10/28/2002 9:14:27 PM server iniciado 0.9.123
10/28/2002 9:18:41 PM server cerrado.
10/28/2002 9:26:48 PM server iniciado 0.9.123
10/28/2002 9:31:53 PM server iniciado 0.9.123
10/28/2002 9:40:46 PM server iniciado 0.9.123
10/28/2002 11:58:04 PM server iniciado 0.9.123
10/29/2002 12:03:47 AM server cerrado.
10/29/2002 12:07:28 AM server iniciado 0.9.123
11/3/2002 4:12:15 PM server iniciado 0.9.123
11/3/2002 4:30:09 PM server iniciado 0.9.123
11/3/2002 5:31:27 PM server iniciado 0.9.123
11/3/2002 5:50:11 PM server iniciado 0.9.123
11/3/2002 7:30:40 PM server iniciado 0.9.123
11/3/2002 8:34:59 PM server iniciado 0.9.123
11/3/2002 9:00:03 PM server iniciado 0.9.123
11/4/2002 8:50:56 PM server iniciado 0.9.123
11/4/2002 9:10:16 PM server iniciado 0.9.123
11/4/2002 9:14:15 PM server iniciado 0.9.123
11/4/2002 9:21:33 PM server iniciado 0.9.123
11/4/2002 9:49:06 PM server iniciado 0.9.123
11/5/2002 11:42:56 AM server iniciado 0.9.123
11/24/2002 2:46:29 PM server iniciado 0.9.123
11/24/2002 3:10:39 PM server cerrado.
11/24/2002 8:59:46 PM server iniciado 0.9.123
11/24/2002 11:54:02 PM server iniciado 0.9.123
11/25/2002 12:50:49 AM server iniciado 0.9.123
11/25/2002 1:13:00 AM server iniciado 0.9.123
11/25/2002 1:27:49 AM server iniciado 0.9.123
11/25/2002 2:52:31 AM server iniciado 0.9.123
11/27/2002 1:10:56 PM server iniciado 0.9.123
11/27/2002 1:16:57 PM server cerrado.
11/27/2002 1:27:05 PM server iniciado 0.9.123
11/27/2002 1:27:52 PM server cerrado.
11/27/2002 5:14:01 PM server iniciado 0.9.123
12/1/2002 3:46:21 PM server iniciado 0.9.123
12/1/2002 3:46:24 PM server cerrado.
12/1/2002 3:47:14 PM server iniciado 0.9.123
12/1/2002 3:49:13 PM server cerrado.
12/1/2002 3:50:50 PM server iniciado 0.9.123
12/1/2002 4:08:42 PM server iniciado 0.9.123
12/1/2002 4:29:59 PM server iniciado 0.9.123
12/1/2002 4:57:08 PM server cerrado.
12/1/2002 4:58:55 PM server iniciado 0.9.123
12/1/2002 5:05:40 PM server cerrado.
12/1/2002 5:14:12 PM server iniciado 0.9.123
12/1/2002 5:18:02 PM server cerrado.
12/1/2002 5:19:56 PM server iniciado 0.9.123
12/1/2002 5:23:10 PM server iniciado 0.9.123
12/1/2002 5:23:25 PM server cerrado.
12/1/2002 5:24:25 PM server iniciado 0.9.123
12/1/2002 5:24:34 PM server cerrado.
01/12/2002 19:02:43 server iniciado 0.9.123
01/12/2002 19:23:39 server iniciado 0.9.4
01/12/2002 19:28:03 server iniciado 0.9.4
06/12/2002 18:50:01 server iniciado 0.9.4
06/12/2002 18:51:08 server cerrado.
